android/app/build/intermediates/manifest_merge_blame_file/release/manifest-merger-blame-release-report.txt
1<?xml version="1.0" encoding="utf-8"?>
2<manifest xmlns:android="http://schemas.android.com/apk/res/android"
3    package="com.sss.kizbin"
4    android:versionCode="63"
5    android:versionName="6.0" >
6
7    <uses-sdk
8        android:minSdkVersion="24"
8-->src/main/AndroidManifest.xml
9        android:targetSdkVersion="34" />
9-->src/main/AndroidManifest.xml
10    <!-- new Changes -->
11    <queries>
11-->src/main/AndroidManifest.xml:4:3-8:13
12        <intent>
12-->src/main/AndroidManifest.xml:5:5-7:14
13            <action android:name="android.speech.RecognitionService" />
13-->src/main/AndroidManifest.xml:6:7-66
13-->src/main/AndroidManifest.xml:6:15-63
14        </intent>
15        <intent>
15-->[:react-native-image-crop-picker] AndroidManifest.xml:10:9-12:18
16            <action android:name="android.media.action.IMAGE_CAPTURE" />
16-->[:react-native-image-crop-picker] AndroidManifest.xml:11:13-73
16-->[:react-native-image-crop-picker] AndroidManifest.xml:11:21-70
17        </intent>
18        <intent>
18-->[:react-native-inappbrowser-reborn] AndroidManifest.xml:12:9-14:18
19            <action android:name="android.support.customtabs.action.CustomTabsService" />
19-->[:react-native-inappbrowser-reborn] AndroidManifest.xml:13:13-90
19-->[:react-native-inappbrowser-reborn] AndroidManifest.xml:13:21-87
20        </intent>
21    </queries>
22    <queries>
22-->src/main/AndroidManifest.xml:4:3-8:13
23        <package android:name="com.google.android.googlequicksearchbox" />
23-->src/main/AndroidManifest.xml:10:5-70
23-->src/main/AndroidManifest.xml:10:14-68
24    </queries>
25    <!-- new Changes -->
26    <uses-permission android:name="android.permission.INTERNET" />
26-->src/main/AndroidManifest.xml:13:3-65
26-->src/main/AndroidManifest.xml:13:20-62
27    <uses-permission android:name="android.permission.RECORD_AUDIO" />
27-->src/main/AndroidManifest.xml:14:3-69
27-->src/main/AndroidManifest.xml:14:20-66
28    <uses-permission android:name="android.permission.MICROPHONE" />
28-->src/main/AndroidManifest.xml:15:3-67
28-->src/main/AndroidManifest.xml:15:20-64
29    <uses-permission android:name="android.permission.CAMERA" />
29-->src/main/AndroidManifest.xml:16:3-63
29-->src/main/AndroidManifest.xml:16:20-60
30
31    <!-- Include this only if you are planning to use the camera roll -->
32    <uses-permission android:name="android.permission.READ_EXTERNAL_STORAGE" />
32-->src/main/AndroidManifest.xml:20:3-78
32-->src/main/AndroidManifest.xml:20:20-75
33    <uses-permission android:name="android.permission.WRITE_EXTERNAL_STORAGE" />
33-->src/main/AndroidManifest.xml:21:3-79
33-->src/main/AndroidManifest.xml:21:20-76
34
35    <uses-feature
35-->src/main/AndroidManifest.xml:23:3-82
36        android:name="android.hardware.camera"
36-->src/main/AndroidManifest.xml:23:17-55
37        android:required="true" />
37-->src/main/AndroidManifest.xml:23:56-79
38    <uses-feature
38-->src/main/AndroidManifest.xml:24:3-86
39        android:name="android.hardware.microphone"
39-->src/main/AndroidManifest.xml:24:17-59
40        android:required="true" />
40-->src/main/AndroidManifest.xml:24:60-83
41
42    <uses-permission android:name="android.permission.BLUETOOTH" />
42-->src/main/AndroidManifest.xml:25:3-65
42-->src/main/AndroidManifest.xml:25:20-63
43
44    <uses-feature
44-->[:react-native-camera] AndroidManifest.xml:14:5-16:36
45        android:name="android.hardware.camera.autofocus"
45-->[:react-native-camera] AndroidManifest.xml:15:9-57
46        android:required="false" />
46-->[:react-native-camera] AndroidManifest.xml:16:9-33
47
48    <uses-permission android:name="android.permission.WAKE_LOCK" />
48-->[:react-native-firebase_auth] AndroidManifest.xml:10:5-68
48-->[:react-native-firebase_auth] AndroidManifest.xml:10:22-65
49    <uses-permission android:name="android.permission.ACCESS_NETWORK_STATE" />
49-->[:react-native-firebase_auth] AndroidManifest.xml:11:5-79
49-->[:react-native-firebase_auth] AndroidManifest.xml:11:22-76
50
51    <uses-feature
51-->[com.journeyapps:zxing-android-embedded:4.2.0] AndroidManifest.xml:28:5-30:36
52        android:name="android.hardware.camera.front"
52-->[com.journeyapps:zxing-android-embedded:4.2.0] AndroidManifest.xml:29:9-53
53        android:required="false" />
53-->[com.journeyapps:zxing-android-embedded:4.2.0] AndroidManifest.xml:30:9-33
54    <uses-feature
54-->[com.journeyapps:zxing-android-embedded:4.2.0] AndroidManifest.xml:36:5-38:36
55        android:name="android.hardware.camera.flash"
55-->[com.journeyapps:zxing-android-embedded:4.2.0] AndroidManifest.xml:37:9-53
56        android:required="false" />
56-->[com.journeyapps:zxing-android-embedded:4.2.0] AndroidManifest.xml:38:9-33
57    <uses-feature
57-->[com.journeyapps:zxing-android-embedded:4.2.0] AndroidManifest.xml:39:5-41:36
58        android:name="android.hardware.screen.landscape"
58-->[com.journeyapps:zxing-android-embedded:4.2.0] AndroidManifest.xml:40:9-57
59        android:required="false" />
59-->[com.journeyapps:zxing-android-embedded:4.2.0] AndroidManifest.xml:41:9-33
60    <uses-feature
60-->[com.journeyapps:zxing-android-embedded:4.2.0] AndroidManifest.xml:42:5-44:36
61        android:name="android.hardware.wifi"
61-->[com.journeyapps:zxing-android-embedded:4.2.0] AndroidManifest.xml:43:9-45
62        android:required="false" />
62-->[com.journeyapps:zxing-android-embedded:4.2.0] AndroidManifest.xml:44:9-33
63
64    <uses-permission android:name="android.permission.POST_NOTIFICATIONS" /> <!-- Required by older versions of Google Play services to create IID tokens -->
64-->[com.google.firebase:firebase-messaging:23.1.2] AndroidManifest.xml:25:5-77
64-->[com.google.firebase:firebase-messaging:23.1.2] AndroidManifest.xml:25:22-74
65    <uses-permission android:name="com.google.android.c2dm.permission.RECEIVE" />
65-->[com.google.firebase:firebase-messaging:23.1.2] AndroidManifest.xml:28:5-82
65-->[com.google.firebase:firebase-messaging:23.1.2] AndroidManifest.xml:28:22-79
66    <uses-permission android:name="com.google.android.finsky.permission.BIND_GET_INSTALL_REFERRER_SERVICE" />
66-->[com.android.installreferrer:installreferrer:1.1.2] AndroidManifest.xml:9:5-110
66-->[com.android.installreferrer:installreferrer:1.1.2] AndroidManifest.xml:9:22-107
67
68    <application
68-->src/main/AndroidManifest.xml:26:5-52:19
69        android:name="com.kizbin.MainApplication"
69-->src/main/AndroidManifest.xml:27:7-38
70        android:allowBackup="true"
70-->src/main/AndroidManifest.xml:31:7-33
71        android:appComponentFactory="androidx.core.app.CoreComponentFactory"
71-->[androidx.core:core:1.8.0] AndroidManifest.xml:24:18-86
72        android:extractNativeLibs="false"
73        android:icon="@mipmap/ic_launcher"
73-->src/main/AndroidManifest.xml:29:7-41
74        android:label="@string/app_name"
74-->src/main/AndroidManifest.xml:28:7-39
75        android:roundIcon="@mipmap/ic_launcher_round"
75-->src/main/AndroidManifest.xml:30:7-52
76        android:theme="@style/AppTheme" >
76-->src/main/AndroidManifest.xml:32:7-38
77        <activity
77-->src/main/AndroidManifest.xml:33:7-45:18
78            android:name="com.kizbin.MainActivity"
78-->src/main/AndroidManifest.xml:34:9-37
79            android:configChanges="keyboard|keyboardHidden|orientation|screenLayout|screenSize|smallestScreenSize|uiMode"
79-->src/main/AndroidManifest.xml:36:9-118
80            android:exported="true"
80-->src/main/AndroidManifest.xml:40:9-32
81            android:label="@string/app_name"
81-->src/main/AndroidManifest.xml:35:9-41
82            android:launchMode="singleTask"
82-->src/main/AndroidManifest.xml:37:9-40
83            android:screenOrientation="portrait"
83-->src/main/AndroidManifest.xml:39:9-45
84            android:windowSoftInputMode="adjustResize" >
84-->src/main/AndroidManifest.xml:38:9-51
85            <intent-filter>
85-->src/main/AndroidManifest.xml:41:9-44:25
86                <action android:name="android.intent.action.MAIN" />
86-->src/main/AndroidManifest.xml:42:13-65
86-->src/main/AndroidManifest.xml:42:21-62
87
88                <category android:name="android.intent.category.LAUNCHER" />
88-->src/main/AndroidManifest.xml:43:13-73
88-->src/main/AndroidManifest.xml:43:23-70
89            </intent-filter>
90        </activity>
91        <activity
91-->src/main/AndroidManifest.xml:47:7-51:18
92            android:name="com.kizbin.newarchitecture.MainActivity_Print_QRCode"
92-->src/main/AndroidManifest.xml:48:11-68
93            android:exported="false"
93-->src/main/AndroidManifest.xml:50:11-35
94            android:screenOrientation="portrait" >
94-->src/main/AndroidManifest.xml:49:11-47
95        </activity>
96
97        <service
97-->[:react-native-firebase_messaging] AndroidManifest.xml:14:9-16:40
98            android:name="io.invertase.firebase.messaging.ReactNativeFirebaseMessagingHeadlessService"
98-->[:react-native-firebase_messaging] AndroidManifest.xml:15:13-103
99            android:exported="false" />
99-->[:react-native-firebase_messaging] AndroidManifest.xml:16:13-37
100        <service
100-->[:react-native-firebase_messaging] AndroidManifest.xml:17:9-23:19
101            android:name="io.invertase.firebase.messaging.ReactNativeFirebaseMessagingService"
101-->[:react-native-firebase_messaging] AndroidManifest.xml:18:13-95
102            android:exported="false" >
102-->[:react-native-firebase_messaging] AndroidManifest.xml:19:13-37
103            <intent-filter>
103-->[:react-native-firebase_messaging] AndroidManifest.xml:20:13-22:29
104                <action android:name="com.google.firebase.MESSAGING_EVENT" />
104-->[:react-native-firebase_messaging] AndroidManifest.xml:21:17-78
104-->[:react-native-firebase_messaging] AndroidManifest.xml:21:25-75
105            </intent-filter>
106        </service>
107
108        <receiver
108-->[:react-native-firebase_messaging] AndroidManifest.xml:25:9-32:20
109            android:name="io.invertase.firebase.messaging.ReactNativeFirebaseMessagingReceiver"
109-->[:react-native-firebase_messaging] AndroidManifest.xml:26:13-96
110            android:exported="true"
110-->[:react-native-firebase_messaging] AndroidManifest.xml:27:13-36
111            android:permission="com.google.android.c2dm.permission.SEND" >
111-->[:react-native-firebase_messaging] AndroidManifest.xml:28:13-73
112            <intent-filter>
112-->[:react-native-firebase_messaging] AndroidManifest.xml:29:13-31:29
113                <action android:name="com.google.android.c2dm.intent.RECEIVE" />
113-->[:react-native-firebase_messaging] AndroidManifest.xml:30:17-81
113-->[:react-native-firebase_messaging] AndroidManifest.xml:30:25-78
114            </intent-filter>
115        </receiver>
116
117        <meta-data
117-->[:react-native-firebase_messaging] AndroidManifest.xml:34:9-36:36
118            android:name="firebase_messaging_auto_init_enabled"
118-->[:react-native-firebase_messaging] AndroidManifest.xml:35:13-64
119            android:value="true" />
119-->[:react-native-firebase_messaging] AndroidManifest.xml:36:13-33
120        <meta-data
120-->[:react-native-firebase_messaging] AndroidManifest.xml:37:9-39:32
121            android:name="com.google.firebase.messaging.default_notification_channel_id"
121-->[:react-native-firebase_messaging] AndroidManifest.xml:38:13-89
122            android:value="" />
122-->[:react-native-firebase_messaging] AndroidManifest.xml:39:13-29
123        <meta-data
123-->[:react-native-firebase_messaging] AndroidManifest.xml:40:9-42:47
124            android:name="com.google.firebase.messaging.default_notification_color"
124-->[:react-native-firebase_messaging] AndroidManifest.xml:41:13-84
125            android:resource="@color/white" />
125-->[:react-native-firebase_messaging] AndroidManifest.xml:42:13-44
126        <meta-data
126-->[:react-native-firebase_app] AndroidManifest.xml:11:9-13:36
127            android:name="app_data_collection_default_enabled"
127-->[:react-native-firebase_app] AndroidManifest.xml:12:13-63
128            android:value="true" />
128-->[:react-native-firebase_app] AndroidManifest.xml:13:13-33
129
130        <service
130-->[:react-native-firebase_app] AndroidManifest.xml:15:9-23:19
131            android:name="com.google.firebase.components.ComponentDiscoveryService"
131-->[:react-native-firebase_app] AndroidManifest.xml:16:13-84
132            android:directBootAware="true"
132-->[:react-native-firebase_app] AndroidManifest.xml:17:13-43
133            android:exported="false" >
133-->[:react-native-firebase_app] AndroidManifest.xml:18:13-37
134            <meta-data
134-->[:react-native-firebase_app] AndroidManifest.xml:20:13-22:85
135                android:name="com.google.firebase.components:io.invertase.firebase.app.ReactNativeFirebaseAppRegistrar"
135-->[:react-native-firebase_app] AndroidManifest.xml:21:17-120
136                android:value="com.google.firebase.components.ComponentRegistrar" />
136-->[:react-native-firebase_app] AndroidManifest.xml:22:17-82
137            <meta-data
137-->[com.google.firebase:firebase-messaging:23.1.2] AndroidManifest.xml:55:13-57:85
138                android:name="com.google.firebase.components:com.google.firebase.messaging.FirebaseMessagingRegistrar"
138-->[com.google.firebase:firebase-messaging:23.1.2] AndroidManifest.xml:56:17-119
139                android:value="com.google.firebase.components.ComponentRegistrar" />
139-->[com.google.firebase:firebase-messaging:23.1.2] AndroidManifest.xml:57:17-82
140            <meta-data
140-->[com.google.firebase:firebase-datatransport:18.1.7] AndroidManifest.xml:27:13-29:85
141                android:name="com.google.firebase.components:com.google.firebase.datatransport.TransportRegistrar"
141-->[com.google.firebase:firebase-datatransport:18.1.7] AndroidManifest.xml:28:17-115
142                android:value="com.google.firebase.components.ComponentRegistrar" />
142-->[com.google.firebase:firebase-datatransport:18.1.7] AndroidManifest.xml:29:17-82
143            <meta-data
143-->[com.google.firebase:firebase-auth:21.2.0] AndroidManifest.xml:69:13-71:85
144                android:name="com.google.firebase.components:com.google.firebase.auth.FirebaseAuthRegistrar"
144-->[com.google.firebase:firebase-auth:21.2.0] AndroidManifest.xml:70:17-109
145                android:value="com.google.firebase.components.ComponentRegistrar" />
145-->[com.google.firebase:firebase-auth:21.2.0] AndroidManifest.xml:71:17-82
146            <meta-data
146-->[com.google.firebase:firebase-installations:17.1.3] AndroidManifest.xml:17:13-19:85
147                android:name="com.google.firebase.components:com.google.firebase.installations.FirebaseInstallationsRegistrar"
147-->[com.google.firebase:firebase-installations:17.1.3] AndroidManifest.xml:18:17-127
148                android:value="com.google.firebase.components.ComponentRegistrar" />
148-->[com.google.firebase:firebase-installations:17.1.3] AndroidManifest.xml:19:17-82
149        </service>
150
151        <provider
151-->[:react-native-firebase_app] AndroidManifest.xml:25:9-29:38
152            android:name="io.invertase.firebase.app.ReactNativeFirebaseAppInitProvider"
152-->[:react-native-firebase_app] AndroidManifest.xml:26:13-88
153            android:authorities="com.sss.kizbin.reactnativefirebaseappinitprovider"
153-->[:react-native-firebase_app] AndroidManifest.xml:27:13-86
154            android:exported="false"
154-->[:react-native-firebase_app] AndroidManifest.xml:28:13-37
155            android:initOrder="99" />
155-->[:react-native-firebase_app] AndroidManifest.xml:29:13-35
156        <provider
156-->[:react-native-image-crop-picker] AndroidManifest.xml:18:9-26:20
157            android:name="androidx.core.content.FileProvider"
157-->[:react-native-image-crop-picker] AndroidManifest.xml:19:13-62
158            android:authorities="com.sss.kizbin.provider"
158-->[:react-native-image-crop-picker] AndroidManifest.xml:20:13-60
159            android:exported="false"
159-->[:react-native-image-crop-picker] AndroidManifest.xml:21:13-37
160            android:grantUriPermissions="true" >
160-->[:react-native-image-crop-picker] AndroidManifest.xml:22:13-47
161            <meta-data
161-->[:react-native-image-crop-picker] AndroidManifest.xml:23:13-25:58
162                android:name="android.support.FILE_PROVIDER_PATHS"
162-->[:react-native-image-crop-picker] AndroidManifest.xml:24:17-67
163                android:resource="@xml/provider_paths" />
163-->[:react-native-image-crop-picker] AndroidManifest.xml:25:17-55
164        </provider>
165
166        <activity
166-->[:react-native-image-crop-picker] AndroidManifest.xml:28:9-30:72
167            android:name="com.yalantis.ucrop.UCropActivity"
167-->[:react-native-image-crop-picker] AndroidManifest.xml:29:13-60
168            android:theme="@style/Theme.AppCompat.Light.NoActionBar" />
168-->[:react-native-image-crop-picker] AndroidManifest.xml:30:13-69
169        <activity
169-->[:react-native-inappbrowser-reborn] AndroidManifest.xml:18:9-21:20
170            android:name="com.proyecto26.inappbrowser.ChromeTabsManagerActivity"
170-->[:react-native-inappbrowser-reborn] AndroidManifest.xml:19:13-81
171            android:exported="false" >
171-->[:react-native-inappbrowser-reborn] AndroidManifest.xml:20:13-37
172        </activity>
173        <activity
173-->[com.journeyapps:zxing-android-embedded:4.2.0] AndroidManifest.xml:47:9-53:63
174            android:name="com.journeyapps.barcodescanner.CaptureActivity"
174-->[com.journeyapps:zxing-android-embedded:4.2.0] AndroidManifest.xml:48:13-74
175            android:clearTaskOnLaunch="true"
175-->[com.journeyapps:zxing-android-embedded:4.2.0] AndroidManifest.xml:49:13-45
176            android:screenOrientation="sensorLandscape"
176-->[com.journeyapps:zxing-android-embedded:4.2.0] AndroidManifest.xml:50:13-56
177            android:stateNotNeeded="true"
177-->[com.journeyapps:zxing-android-embedded:4.2.0] AndroidManifest.xml:51:13-42
178            android:theme="@style/zxing_CaptureTheme"
178-->[com.journeyapps:zxing-android-embedded:4.2.0] AndroidManifest.xml:52:13-54
179            android:windowSoftInputMode="stateAlwaysHidden" />
179-->[com.journeyapps:zxing-android-embedded:4.2.0] AndroidManifest.xml:53:13-60
180
181        <receiver
181-->[com.google.firebase:firebase-messaging:23.1.2] AndroidManifest.xml:31:9-38:20
182            android:name="com.google.firebase.iid.FirebaseInstanceIdReceiver"
182-->[com.google.firebase:firebase-messaging:23.1.2] AndroidManifest.xml:32:13-78
183            android:exported="true"
183-->[com.google.firebase:firebase-messaging:23.1.2] AndroidManifest.xml:33:13-36
184            android:permission="com.google.android.c2dm.permission.SEND" >
184-->[com.google.firebase:firebase-messaging:23.1.2] AndroidManifest.xml:34:13-73
185            <intent-filter>
185-->[:react-native-firebase_messaging] AndroidManifest.xml:29:13-31:29
186                <action android:name="com.google.android.c2dm.intent.RECEIVE" />
186-->[:react-native-firebase_messaging] AndroidManifest.xml:30:17-81
186-->[:react-native-firebase_messaging] AndroidManifest.xml:30:25-78
187            </intent-filter>
188        </receiver>
189        <!--
190             FirebaseMessagingService performs security checks at runtime,
191             but set to not exported to explicitly avoid allowing another app to call it.
192        -->
193        <service
193-->[com.google.firebase:firebase-messaging:23.1.2] AndroidManifest.xml:44:9-51:19
194            android:name="com.google.firebase.messaging.FirebaseMessagingService"
194-->[com.google.firebase:firebase-messaging:23.1.2] AndroidManifest.xml:45:13-82
195            android:directBootAware="true"
195-->[com.google.firebase:firebase-messaging:23.1.2] AndroidManifest.xml:46:13-43
196            android:exported="false" >
196-->[com.google.firebase:firebase-messaging:23.1.2] AndroidManifest.xml:47:13-37
197            <intent-filter android:priority="-500" >
197-->[:react-native-firebase_messaging] AndroidManifest.xml:20:13-22:29
198                <action android:name="com.google.firebase.MESSAGING_EVENT" />
198-->[:react-native-firebase_messaging] AndroidManifest.xml:21:17-78
198-->[:react-native-firebase_messaging] AndroidManifest.xml:21:25-75
199            </intent-filter>
200        </service>
201        <service
201-->[com.google.android.datatransport:transport-backend-cct:3.1.8] AndroidManifest.xml:28:9-34:19
202            android:name="com.google.android.datatransport.runtime.backends.TransportBackendDiscovery"
202-->[com.google.android.datatransport:transport-backend-cct:3.1.8] AndroidManifest.xml:29:13-103
203            android:exported="false" >
203-->[com.google.android.datatransport:transport-backend-cct:3.1.8] AndroidManifest.xml:30:13-37
204            <meta-data
204-->[com.google.android.datatransport:transport-backend-cct:3.1.8] AndroidManifest.xml:31:13-33:39
205                android:name="backend:com.google.android.datatransport.cct.CctBackendFactory"
205-->[com.google.android.datatransport:transport-backend-cct:3.1.8] AndroidManifest.xml:32:17-94
206                android:value="cct" />
206-->[com.google.android.datatransport:transport-backend-cct:3.1.8] AndroidManifest.xml:33:17-36
207        </service>
208        <service
208-->[com.google.android.datatransport:transport-runtime:3.1.8] AndroidManifest.xml:26:9-30:19
209            android:name="com.google.android.datatransport.runtime.scheduling.jobscheduling.JobInfoSchedulerService"
209-->[com.google.android.datatransport:transport-runtime:3.1.8] AndroidManifest.xml:27:13-117
210            android:exported="false"
210-->[com.google.android.datatransport:transport-runtime:3.1.8] AndroidManifest.xml:28:13-37
211            android:permission="android.permission.BIND_JOB_SERVICE" >
211-->[com.google.android.datatransport:transport-runtime:3.1.8] AndroidManifest.xml:29:13-69
212        </service>
213
214        <receiver
214-->[com.google.android.datatransport:transport-runtime:3.1.8] AndroidManifest.xml:32:9-34:40
215            android:name="com.google.android.datatransport.runtime.scheduling.jobscheduling.AlarmManagerSchedulerBroadcastReceiver"
215-->[com.google.android.datatransport:transport-runtime:3.1.8] AndroidManifest.xml:33:13-132
216            android:exported="false" />
216-->[com.google.android.datatransport:transport-runtime:3.1.8] AndroidManifest.xml:34:13-37
217
218        <activity
218-->[com.google.firebase:firebase-auth:21.2.0] AndroidManifest.xml:29:9-46:20
219            android:name="com.google.firebase.auth.internal.GenericIdpActivity"
219-->[com.google.firebase:firebase-auth:21.2.0] AndroidManifest.xml:30:13-80
220            android:excludeFromRecents="true"
220-->[com.google.firebase:firebase-auth:21.2.0] AndroidManifest.xml:31:13-46
221            android:exported="true"
221-->[com.google.firebase:firebase-auth:21.2.0] AndroidManifest.xml:32:13-36
222            android:launchMode="singleTask"
222-->[com.google.firebase:firebase-auth:21.2.0] AndroidManifest.xml:33:13-44
223            android:theme="@android:style/Theme.Translucent.NoTitleBar" >
223-->[com.google.firebase:firebase-auth:21.2.0] AndroidManifest.xml:34:13-72
224            <intent-filter>
224-->[com.google.firebase:firebase-auth:21.2.0] AndroidManifest.xml:35:13-45:29
225                <action android:name="android.intent.action.VIEW" />
225-->[com.google.firebase:firebase-auth:21.2.0] AndroidManifest.xml:36:17-69
225-->[com.google.firebase:firebase-auth:21.2.0] AndroidManifest.xml:36:25-66
226
227                <category android:name="android.intent.category.DEFAULT" />
227-->[com.google.firebase:firebase-auth:21.2.0] AndroidManifest.xml:38:17-76
227-->[com.google.firebase:firebase-auth:21.2.0] AndroidManifest.xml:38:27-73
228                <category android:name="android.intent.category.BROWSABLE" />
228-->[com.google.firebase:firebase-auth:21.2.0] AndroidManifest.xml:39:17-78
228-->[com.google.firebase:firebase-auth:21.2.0] AndroidManifest.xml:39:27-75
229
230                <data
230-->[com.google.firebase:firebase-auth:21.2.0] AndroidManifest.xml:41:17-44:51
231                    android:host="firebase.auth"
231-->[com.google.firebase:firebase-auth:21.2.0] AndroidManifest.xml:42:21-49
232                    android:path="/"
232-->[com.google.firebase:firebase-auth:21.2.0] AndroidManifest.xml:43:21-37
233                    android:scheme="genericidp" />
233-->[com.google.firebase:firebase-auth:21.2.0] AndroidManifest.xml:44:21-48
234            </intent-filter>
235        </activity>
236        <activity
236-->[com.google.firebase:firebase-auth:21.2.0] AndroidManifest.xml:47:9-64:20
237            android:name="com.google.firebase.auth.internal.RecaptchaActivity"
237-->[com.google.firebase:firebase-auth:21.2.0] AndroidManifest.xml:48:13-79
238            android:excludeFromRecents="true"
238-->[com.google.firebase:firebase-auth:21.2.0] AndroidManifest.xml:49:13-46
239            android:exported="true"
239-->[com.google.firebase:firebase-auth:21.2.0] AndroidManifest.xml:50:13-36
240            android:launchMode="singleTask"
240-->[com.google.firebase:firebase-auth:21.2.0] AndroidManifest.xml:51:13-44
241            android:theme="@android:style/Theme.Translucent.NoTitleBar" >
241-->[com.google.firebase:firebase-auth:21.2.0] AndroidManifest.xml:52:13-72
242            <intent-filter>
242-->[com.google.firebase:firebase-auth:21.2.0] AndroidManifest.xml:53:13-63:29
243                <action android:name="android.intent.action.VIEW" />
243-->[com.google.firebase:firebase-auth:21.2.0] AndroidManifest.xml:36:17-69
243-->[com.google.firebase:firebase-auth:21.2.0] AndroidManifest.xml:36:25-66
244
245                <category android:name="android.intent.category.DEFAULT" />
245-->[com.google.firebase:firebase-auth:21.2.0] AndroidManifest.xml:38:17-76
245-->[com.google.firebase:firebase-auth:21.2.0] AndroidManifest.xml:38:27-73
246                <category android:name="android.intent.category.BROWSABLE" />
246-->[com.google.firebase:firebase-auth:21.2.0] AndroidManifest.xml:39:17-78
246-->[com.google.firebase:firebase-auth:21.2.0] AndroidManifest.xml:39:27-75
247
248                <data
248-->[com.google.firebase:firebase-auth:21.2.0] AndroidManifest.xml:41:17-44:51
249                    android:host="firebase.auth"
249-->[com.google.firebase:firebase-auth:21.2.0] AndroidManifest.xml:42:21-49
250                    android:path="/"
250-->[com.google.firebase:firebase-auth:21.2.0] AndroidManifest.xml:43:21-37
251                    android:scheme="recaptcha" />
251-->[com.google.firebase:firebase-auth:21.2.0] AndroidManifest.xml:44:21-48
252            </intent-filter>
253        </activity>
254
255        <provider
255-->[com.google.firebase:firebase-common:20.3.2] AndroidManifest.xml:25:9-30:39
256            android:name="com.google.firebase.provider.FirebaseInitProvider"
256-->[com.google.firebase:firebase-common:20.3.2] AndroidManifest.xml:26:13-77
257            android:authorities="com.sss.kizbin.firebaseinitprovider"
257-->[com.google.firebase:firebase-common:20.3.2] AndroidManifest.xml:27:13-72
258            android:directBootAware="true"
258-->[com.google.firebase:firebase-common:20.3.2] AndroidManifest.xml:28:13-43
259            android:exported="false"
259-->[com.google.firebase:firebase-common:20.3.2] AndroidManifest.xml:29:13-37
260            android:initOrder="100" />
260-->[com.google.firebase:firebase-common:20.3.2] AndroidManifest.xml:30:13-36
261
262        <meta-data
262-->[com.github.bumptech.glide:okhttp3-integration:4.12.0] AndroidManifest.xml:11:9-13:43
263            android:name="com.bumptech.glide.integration.okhttp3.OkHttpGlideModule"
263-->[com.github.bumptech.glide:okhttp3-integration:4.12.0] AndroidManifest.xml:12:13-84
264            android:value="GlideModule" />
264-->[com.github.bumptech.glide:okhttp3-integration:4.12.0] AndroidManifest.xml:13:13-40
265
266        <activity
266-->[com.google.android.gms:play-services-auth:20.3.0] AndroidManifest.xml:23:9-27:75
267            android:name="com.google.android.gms.auth.api.signin.internal.SignInHubActivity"
267-->[com.google.android.gms:play-services-auth:20.3.0] AndroidManifest.xml:24:13-93
268            android:excludeFromRecents="true"
268-->[com.google.android.gms:play-services-auth:20.3.0] AndroidManifest.xml:25:13-46
269            android:exported="false"
269-->[com.google.android.gms:play-services-auth:20.3.0] AndroidManifest.xml:26:13-37
270            android:theme="@android:style/Theme.Translucent.NoTitleBar" />
270-->[com.google.android.gms:play-services-auth:20.3.0] AndroidManifest.xml:27:13-72
271        <!--
272            Service handling Google Sign-In user revocation. For apps that do not integrate with
273            Google Sign-In, this service will never be started.
274        -->
275        <service
275-->[com.google.android.gms:play-services-auth:20.3.0] AndroidManifest.xml:33:9-37:51
276            android:name="com.google.android.gms.auth.api.signin.RevocationBoundService"
276-->[com.google.android.gms:play-services-auth:20.3.0] AndroidManifest.xml:34:13-89
277            android:exported="true"
277-->[com.google.android.gms:play-services-auth:20.3.0] AndroidManifest.xml:35:13-36
278            android:permission="com.google.android.gms.auth.api.signin.permission.REVOCATION_NOTIFICATION"
278-->[com.google.android.gms:play-services-auth:20.3.0] AndroidManifest.xml:36:13-107
279            android:visibleToInstantApps="true" />
279-->[com.google.android.gms:play-services-auth:20.3.0] AndroidManifest.xml:37:13-48
280
281        <activity
281-->[com.google.android.gms:play-services-base:18.0.1] AndroidManifest.xml:20:9-22:45
282            android:name="com.google.android.gms.common.api.GoogleApiActivity"
282-->[com.google.android.gms:play-services-base:18.0.1] AndroidManifest.xml:20:19-85
283            android:exported="false"